C51 COMPILER V9.60.7.0   DELAY                                                             08/16/2025 03:24:44 PAGE 1   


C51 COMPILER V9.60.7.0, COMPILATION OF MODULE DELAY
OBJECT MODULE PLACED IN .\Objects\Delay.obj
COMPILER INVOKED BY: D:\KeilC51\C51\BIN\C51.EXE Delay.c OPTIMIZE(8,SPEED) BROWSE DEBUG OBJECTEXTEND PRINT(.\Listings\Del
                    -ay.lst) OBJECT(.\Objects\Delay.obj)

line level    source

   1          
   2          #include <INTRINS.H>
   3          void Delay(unsigned int xms)            //@11.0592MHz
   4          {
   5   1              unsigned char i, j;
   6   1              while(xms){
   7   2                      _nop_();
   8   2                      i = 2;
   9   2                      j = 199;
  10   2                      do
  11   2                      {
  12   3                              while (--j);
  13   3                      } while (--i);
  14   2                      
  15   2                      xms--;
  16   2              }
  17   1      
  18   1      }
  19          
  20          //void Delay1ms()               //@12.000MHz
  21          //{
  22          //      unsigned char i, j;
  23          
  24          //      i = 2;
  25          //      j = 239;
  26          //      do
  27          //      {
  28          //              while (--j);
  29          //      } while (--i);
  30          //}


MODULE INFORMATION:   STATIC OVERLAYABLE
   CODE SIZE        =     21    ----
   CONSTANT SIZE    =   ----    ----
   XDATA SIZE       =   ----    ----
   PDATA SIZE       =   ----    ----
   DATA SIZE        =   ----    ----
   IDATA SIZE       =   ----    ----
   BIT SIZE         =   ----    ----
END OF MODULE INFORMATION.


C51 COMPILATION COMPLETE.  0 WARNING(S),  0 ERROR(S)
