C51 COMPILER V9.60.7.0   MAIN                                                              08/16/2025 18:21:50 PAGE 1   


C51 COMPILER V9.60.7.0, COMPILATION OF MODULE MAIN
OBJECT MODULE PLACED IN .\Objects\main.obj
COMPILER INVOKED BY: D:\KeilC51\C51\BIN\C51.EXE main.c OPTIMIZE(8,SPEED) BROWSE DEBUG OBJECTEXTEND PRINT(.\Listings\main
                    -.lst) OBJECT(.\Objects\main.obj)

line level    source

   1          #include <REGX52.H>
   2          #include "Delay.h"
   3          #include "LCD1602.h"
   4          #include "Timer0.h"
   5          
   6          unsigned char Sec=58,Min=59,Hour=23;
   7          bit PauseFlag = 1; // 启动标志
   8          bit ResetFlag = 1; // 重置标志
   9          bit KeyPauseEventP3_0 = 0; // 暂停事件
  10          bit KeyPauseEventP3_1 = 0; // 重置事件
  11          
  12          static unsigned int T0Count1000; // 周期1
  13          
  14          void KeyScanP3(){
  15   1              static bit LastState_PauseP3_0 = 1;
  16   1              static bit LastState_PauseP3_1 = 1;
  17   1              
  18   1              // P3_0暂停事件处理
  19   1              if(P3_0 == 0 && LastState_PauseP3_0 == 1){
  20   2                      //Delay(10);
  21   2                      P2_1 = 0;
  22   2                      if(P3_0 == 0){
  23   3                              KeyPauseEventP3_0 = 1; // 记录事件
  24   3                              LastState_PauseP3_0 = 0; // 改状态，防止重复触发
  25   3                      }
  26   2              }
  27   1              else if(P3_0 == 1){
  28   2                      LastState_PauseP3_0 = 1; // 松开后恢复检测
  29   2                      //P2_1 = 1;
  30   2              }
  31   1              
  32   1              // P3_1重置事件处理
  33   1              if(P3_1 == 0 && LastState_PauseP3_1 == 1){
  34   2                      //Delay(10);
  35   2                      //P2_0 = 0;
  36   2                      if(P3_1 == 0){
  37   3                              KeyPauseEventP3_1 = 1; // 记录事件
  38   3                              LastState_PauseP3_1 = 0; // 改变状态，防止重复触发
  39   3                      }
  40   2              }
  41   1              else if(P3_1 == 1){
  42   2                      LastState_PauseP3_1 = 1; //松开后恢复检测
  43   2                      //P2_0 = 1;
  44   2              }
  45   1      }
  46          
  47          void main(){
  48   1              // 初始化
  49   1              LCD_Init();
  50   1              Timer0Init();
  51   1              
  52   1              // 显示字符串，
  53   1              LCD_ShowString(1,1,"Stopwatch:");
  54   1              LCD_ShowString(2,1,"  :  :");
C51 COMPILER V9.60.7.0   MAIN                                                              08/16/2025 18:21:50 PAGE 2   

  55   1              while(1){
  56   2                      
  57   2                      // 暂停计时
  58   2                      KeyScanP3();
  59   2                      if(KeyPauseEventP3_0){
  60   3                              PauseFlag = !PauseFlag; // 切换暂停状态
  61   3                              KeyPauseEventP3_0 = 0; // 清除事件
  62   3                              // 显示暂停状态
  63   3                              if(!PauseFlag){
  64   4                                      LCD_ShowString(1,11,"Pause!");
  65   4                              }
  66   3                              else{
  67   4                                      LCD_ShowString(1,11,"      ");
  68   4                              }
  69   3                      }
  70   2                      else if(P3_0 == 1 && P3_2 == 1){
  71   3                              P2_1 = 1;
  72   3                      }
  73   2                      
  74   2                      LCD_ShowNum(2,1,Hour,2);
  75   2                      LCD_ShowNum(2,4,Min,2);
  76   2                      LCD_ShowNum(2,7,Sec,2);
  77   2                      
  78   2                      // 重置按钮
  79   2                      if(KeyPauseEventP3_1){
  80   3                               //Delay(10);
  81   3                              KeyPauseEventP3_1 = 0;
  82   3                              if(P3_1 == 0){
  83   4                                      P2_0 = 0;
  84   4                                      T0Count1000 = 0;
  85   4                                      Sec = 0;
  86   4                                      Min = 0;
  87   4                                      Hour = 0;
  88   4                              }
  89   3                      }
  90   2                      
  91   2      //              if(P3_1 == 0 && KeyPauseEventP3_1 == 0){
  92   2      //                      KeyPauseEventP3_1 = 1;
  93   2      //                      P2_0 = 0;
  94   2      //                      Delay(20);
  95   2      //                      if(P3_1 == 0){
  96   2      //                              Sec = 0;
  97   2      //                              Min = 0;
  98   2      //                              Hour = 0;
  99   2      //                      }
 100   2      //              }
 101   2      
 102   2                      else if(P3_1 == 1){
 103   3                              KeyPauseEventP3_1 = 0;
 104   3                              P2_0 = 1;
 105   3                      } // end
 106   2                      
 107   2                      // 亮灯测试
 108   2                      if(P3_2 == 0){
 109   3                              P2 = 0;
 110   3                      }
 111   2                      else if(PauseFlag == 0){
 112   3                              P2_2 = 1;
 113   3                              P2_3 = 1;
 114   3                      }
 115   2                      
 116   2              } // while end
C51 COMPILER V9.60.7.0   MAIN                                                              08/16/2025 18:21:50 PAGE 3   

 117   1      }
 118          
 119          void Timer0_Routine() interrupt 1{
 120   1              
 121   1              static unsigned int T0CountP2_4;
 122   1              static unsigned char flashCount = 0;
 123   1              static unsigned char Light = 0;
 124   1              TL0 = 0x66;             //设置定时初值
 125   1              TH0 = 0xFC;             //设置定时初值
 126   1              T0Count1000++;
 127   1              T0CountP2_4++;
 128   1      
 129   1              if(T0Count1000 >= 1000){ // 周期1
 130   2                      T0Count1000 = 0;
 131   2                      if(PauseFlag){
 132   3                              P2_2 = 0; // 闪烁灯 秒
 133   3                              flashCount = 80; // 设置亮灯时间
 134   3                              
 135   3                              Sec++;
 136   3                              if(Sec >= 60){
 137   4                                      Sec = 0;
 138   4                                      P2_2 = 0; // 闪烁灯 分
 139   4                                      P2_3 = 0;
 140   4                                      Min++;
 141   4                                      if(Min >= 60){
 142   5                                              Min = 0;
 143   5                                              P2_4 = 0; // 闪烁灯 时
 144   5                                              P2_3 = 0;
 145   5                                              P2_2 = 0;
 146   5                                              P2_1 = 0;
 147   5                                              P2_0 = 0;
 148   5                                              Hour++;
 149   5                                              if(Hour >= 24){
 150   6                                                      Hour = 0;
 151   6                                              }
 152   5                                      }
 153   4                              }
 154   3                      } // LED end
 155   2              } // 1000ms 计时 end
 156   1              if(flashCount > 0){
 157   2                      flashCount--;
 158   2                      if(flashCount == 0){
 159   3                              P2_4 = 1; // 熄灭
 160   3                              P2_3 = 1;
 161   3                              P2_2 = 1;
 162   3      //                      P2_1 = 1;
 163   3      //                      P2_0 = 1;
 164   3                      }
 165   2              }
 166   1              
 167   1              if(T0CountP2_4 >= 1100){ // 周期2
 168   2                      T0CountP2_4 = 0;
 169   2                      Light = 20; // 亮灯时长
 170   2              }
 171   1      
 172   1              if(Light > 0){
 173   2                      P2_4 = 0;
 174   2                      Light--;
 175   2                      if(Light == 0){
 176   3                              P2_4 = 1;
 177   3                      }
 178   2              }
C51 COMPILER V9.60.7.0   MAIN                                                              08/16/2025 18:21:50 PAGE 4   

 179   1      }


MODULE INFORMATION:   STATIC OVERLAYABLE
   CODE SIZE        =    362    ----
   CONSTANT SIZE    =     32    ----
   XDATA SIZE       =   ----    ----
   PDATA SIZE       =   ----    ----
   DATA SIZE        =      9    ----
   IDATA SIZE       =   ----    ----
   BIT SIZE         =      6    ----
END OF MODULE INFORMATION.


C51 COMPILATION COMPLETE.  0 WARNING(S),  0 ERROR(S)
