C51 COMPILER V9.60.7.0   TIMER0                                                            08/16/2025 03:24:44 PAGE 1   


C51 COMPILER V9.60.7.0, COMPILATION OF MODULE TIMER0
OBJECT MODULE PLACED IN .\Objects\Timer0.obj
COMPILER INVOKED BY: D:\KeilC51\C51\BIN\C51.EXE Timer0.c OPTIMIZE(8,SPEED) BROWSE DEBUG OBJECTEXTEND PRINT(.\Listings\Ti
                    -mer0.lst) OBJECT(.\Objects\Timer0.obj)

line level    source

   1          #include <REGX52.H>
   2          
   3            /**
   4              * @brief    定时器0初始化，1毫秒@11.0592MHz
   5                  * @param        无
   6                  * @retval       无
   7                  */
   8          void Timer0Init(void)   { //1毫秒@11.0592MHz
   9   1              //AUXR &= 0x7F;         //定时器时钟12T模式
  10   1              // 寄存器 TMOD  不可位寻址 需要整体赋值
  11   1              //TMOD = 0x01; // 0000 0001
  12   1              //设置定时器模式
  13   1              TMOD = TMOD & 0xF0; // 把TMOD 的低4位清零，高4位保持不变
  14   1              TMOD = TMOD | 0x01; // 把TMOD 的最低位置1，高4位保持不变
  15   1              
  16   1              // 控制寄存器 TCON
  17   1              TL0 = 0x66;             //设置定时初值
  18   1              TH0 = 0xFC;             //设置定时初值
  19   1              TF0 = 0;                //清除TF0标志
  20   1              TR0 = 1;                //定时器0开始计时
  21   1              
  22   1              ET0 = 1;
  23   1              EA = 1;
  24   1              PT0 = 0;
  25   1      
  26   1      }
  27          
  28          
  29          /* 定时器中断函数模板
  30          void Timer0_Routine() interrupt 1{
  31                  static unsigned int T0Count;
  32                  TL0 = 0x66;             //设置定时初值
  33                  TH0 = 0xFC;             //设置定时初值
  34                  T0Count ++;
  35                  if(T0Count >= 1000){
  36                          T0Count = 0;
  37                          
  38                  }
  39          }
  40          
  41          */


MODULE INFORMATION:   STATIC OVERLAYABLE
   CODE SIZE        =     23    ----
   CONSTANT SIZE    =   ----    ----
   XDATA SIZE       =   ----    ----
   PDATA SIZE       =   ----    ----
   DATA SIZE        =   ----    ----
   IDATA SIZE       =   ----    ----
   BIT SIZE         =   ----    ----
END OF MODULE INFORMATION.


C51 COMPILATION COMPLETE.  0 WARNING(S),  0 ERROR(S)
